c:\users\www\documents\visual studio 2017\projects\win32project3\win32project3\debug\win32project3.pch
c:\users\www\documents\visual studio 2017\projects\win32project3\win32project3\debug\vc141.pdb
c:\users\www\documents\visual studio 2017\projects\win32project3\win32project3\debug\vc141.idb
c:\users\www\documents\visual studio 2017\projects\win32project3\win32project3\debug\stdafx.obj
c:\users\www\documents\visual studio 2017\projects\win32project3\win32project3\debug\egl.obj
c:\users\www\documents\visual studio 2017\projects\win32project3\win32project3\debug\win32project3.obj
c:\users\www\documents\visual studio 2017\projects\win32project3\win32project3\debug\dxutsound.obj
c:\users\www\documents\visual studio 2017\projects\win32project3\debug\win32project3.ilk
c:\users\www\documents\visual studio 2017\projects\win32project3\debug\win32project3.exe
c:\users\www\documents\visual studio 2017\projects\win32project3\debug\win32project3.pdb
c:\users\www\documents\visual studio 2017\projects\win32project3\win32project3\debug\win32project3.res
c:\users\www\documents\visual studio 2017\projects\사운드더한 비행기게임\win32project3\debug\dxutsound.obj
c:\users\www\documents\visual studio 2017\projects\사운드더한 비행기게임\win32project3\debug\egl.obj
c:\users\www\documents\visual studio 2017\projects\사운드더한 비행기게임\win32project3\debug\stdafx.obj
c:\users\www\documents\visual studio 2017\projects\사운드더한 비행기게임\win32project3\debug\win32project3.obj
c:\users\www\documents\visual studio 2017\projects\사운드더한 비행기게임\win32project3\debug\win32project3.res
c:\users\www\documents\visual studio 2017\projects\사운드더한 비행기게임\win32project3\debug\win32project3.pch
c:\users\www\documents\visual studio 2017\projects\사운드더한 비행기게임\win32project3\debug\vc141.idb
c:\users\www\documents\visual studio 2017\projects\사운드더한 비행기게임\win32project3\debug\vc141.pdb
c:\users\www\documents\visual studio 2017\projects\사운드더한 비행기게임\debug\win32project3.pdb
c:\users\www\documents\visual studio 2017\projects\사운드더한 비행기게임\debug\win32project3.exe
c:\users\www\documents\visual studio 2017\projects\사운드더한 비행기게임\debug\win32project3.ilk
c:\users\www\documents\visual studio 2017\projects\사운드더한 비행기게임\win32project3\debug\win32project3.tlog\cl.command.1.tlog
c:\users\www\documents\visual studio 2017\projects\사운드더한 비행기게임\win32project3\debug\win32project3.tlog\cl.read.1.tlog
c:\users\www\documents\visual studio 2017\projects\사운드더한 비행기게임\win32project3\debug\win32project3.tlog\cl.write.1.tlog
c:\users\www\documents\visual studio 2017\projects\사운드더한 비행기게임\win32project3\debug\win32project3.tlog\link.command.1.tlog
c:\users\www\documents\visual studio 2017\projects\사운드더한 비행기게임\win32project3\debug\win32project3.tlog\link.read.1.tlog
c:\users\www\documents\visual studio 2017\projects\사운드더한 비행기게임\win32project3\debug\win32project3.tlog\link.write.1.tlog
c:\users\www\documents\visual studio 2017\projects\사운드더한 비행기게임\win32project3\debug\win32project3.tlog\rc.command.1.tlog
c:\users\www\documents\visual studio 2017\projects\사운드더한 비행기게임\win32project3\debug\win32project3.tlog\rc.read.1.tlog
c:\users\www\documents\visual studio 2017\projects\사운드더한 비행기게임\win32project3\debug\win32project3.tlog\rc.write.1.tlog
